c:\users\pavlo\documents\noav\gh\solutions\venom\venom\build\x32\intermediates\vc143.pdb
c:\users\pavlo\documents\noav\gh\solutions\venom\venom\build\x32\intermediates\main.obj
c:\users\pavlo\documents\noav\gh\solutions\venom\venom\build\x32\intermediates\imgui_widgets.obj
c:\users\pavlo\documents\noav\gh\solutions\venom\venom\build\x32\intermediates\imgui_tables.obj
c:\users\pavlo\documents\noav\gh\solutions\venom\venom\build\x32\intermediates\imgui_draw.obj
c:\users\pavlo\documents\noav\gh\solutions\venom\venom\build\x32\intermediates\imgui_demo.obj
c:\users\pavlo\documents\noav\gh\solutions\venom\venom\build\x32\intermediates\imgui.obj
c:\users\pavlo\documents\noav\gh\solutions\venom\venom\build\x32\intermediates\imgui_impl_win32.obj
c:\users\pavlo\documents\noav\gh\solutions\venom\venom\build\x32\intermediates\imgui_impl_opengl2.obj
c:\users\pavlo\documents\noav\gh\solutions\venom\venom\build\x32\venom.dll
c:\users\pavlo\documents\noav\gh\solutions\venom\venom\build\x32\intermediates\venom.iobj
c:\users\pavlo\documents\noav\gh\solutions\venom\venom\build\x32\venom.pdb
c:\users\pavlo\documents\noav\gh\solutions\venom\venom\build\x32\intermediates\venom.ipdb
c:\users\pavlo\documents\noav\gh\solutions\venom\venom\\build\x32\venom.pdb
c:\users\pavlo\documents\noav\gh\solutions\venom\venom\\build\x32\intermediates\venom.vcxproj.filelistabsolute.txt
c:\users\pavlo\documents\noav\gh\solutions\venom\venom\build\x32\intermediates\venom.tlog\cl.command.1.tlog
c:\users\pavlo\documents\noav\gh\solutions\venom\venom\build\x32\intermediates\venom.tlog\cl.read.1.tlog
c:\users\pavlo\documents\noav\gh\solutions\venom\venom\build\x32\intermediates\venom.tlog\cl.write.1.tlog
c:\users\pavlo\documents\noav\gh\solutions\venom\venom\build\x32\intermediates\venom.tlog\link.command.1.tlog
c:\users\pavlo\documents\noav\gh\solutions\venom\venom\build\x32\intermediates\venom.tlog\link.read.1.tlog
c:\users\pavlo\documents\noav\gh\solutions\venom\venom\build\x32\intermediates\venom.tlog\link.write.1.tlog
